modules/expo-mock-location/android/build/intermediates/manifest_merge_blame_file/debug/processDebugManifest/manifest-merger-blame-debug-report.txt
1<?xml version="1.0" encoding="utf-8"?>
2<manifest xmlns:android="http://schemas.android.com/apk/res/android"
3    package="expo.modules.mocklocation" >
4
5    <uses-sdk android:minSdkVersion="24" />
6
7    <application>
7-->src/main/AndroidManifest.xml:2:3-7:17
8        <service
8-->src/main/AndroidManifest.xml:3:5-6:34
9            android:name="expo.modules.mocklocation.MockLocationForegroundService"
9-->src/main/AndroidManifest.xml:4:7-52
10            android:exported="false"
10-->src/main/AndroidManifest.xml:6:7-31
11            android:foregroundServiceType="location" />
11-->src/main/AndroidManifest.xml:5:7-47
12    </application>
13
14</manifest>